d:\魏宽伟\课程课件\c++课程设计\电商客户端\电商客户端\x64\debug\vc141.pdb
d:\魏宽伟\课程课件\c++课程设计\电商客户端\电商客户端\x64\debug\main.obj
d:\魏宽伟\课程课件\c++课程设计\电商客户端\电商客户端\x64\debug\moc_qtguiapplication.obj
d:\魏宽伟\课程课件\c++课程设计\电商客户端\电商客户端\x64\debug\qtguiapplication.obj
d:\魏宽伟\课程课件\c++课程设计\电商客户端\电商客户端\x64\debug\cuserdao.obj
d:\魏宽伟\课程课件\c++课程设计\电商客户端\电商客户端\x64\debug\ctradedetaildao.obj
d:\魏宽伟\课程课件\c++课程设计\电商客户端\电商客户端\x64\debug\cshoppingcartdao.obj
d:\魏宽伟\课程课件\c++课程设计\电商客户端\电商客户端\x64\debug\ccommoditydao.obj
d:\魏宽伟\课程课件\c++课程设计\电商客户端\电商客户端\x64\debug\ccommodity.obj
d:\魏宽伟\课程课件\c++课程设计\电商客户端\电商客户端\x64\debug\infoforuserop.obj
d:\魏宽伟\课程课件\c++课程设计\电商客户端\电商客户端\x64\debug\cuser.obj
d:\魏宽伟\课程课件\c++课程设计\电商客户端\电商客户端\x64\debug\cuerop.obj
d:\魏宽伟\课程课件\c++课程设计\电商客户端\电商客户端\x64\debug\ctradedetailcpp.obj
d:\魏宽伟\课程课件\c++课程设计\电商客户端\电商客户端\x64\debug\cshoppingcartitem.obj
d:\魏宽伟\课程课件\c++课程设计\电商客户端\电商客户端\x64\debug\cmain.obj
d:\魏宽伟\课程课件\c++课程设计\电商客户端\电商客户端\x64\debug\qrc_qtguiapplication.obj
d:\魏宽伟\课程课件\c++课程设计\电商客户端\电商客户端\x64\debug\mainview.obj
d:\魏宽伟\课程课件\c++课程设计\电商客户端\电商客户端\x64\debug\moc_mainview.obj
d:\魏宽伟\课程课件\c++课程设计\电商客户端\电商客户端\x64\debug\userview.obj
d:\魏宽伟\课程课件\c++课程设计\电商客户端\电商客户端\x64\debug\moc_userview.obj
d:\魏宽伟\课程课件\c++课程设计\电商客户端\电商客户端\generatedfiles\qrc_qtguiapplication.cpp
d:\魏宽伟\课程课件\c++课程设计\电商客户端\电商客户端\generatedfiles\ui_main.h
d:\魏宽伟\课程课件\c++课程设计\电商客户端\电商客户端\generatedfiles\ui_userview.h
d:\魏宽伟\课程课件\c++课程设计\电商客户端\电商客户端\generatedfiles\ui_widget.h
d:\魏宽伟\课程课件\c++课程设计\电商客户端\电商客户端\generatedfiles\debug\moc_mainview.cpp
d:\魏宽伟\课程课件\c++课程设计\电商客户端\电商客户端\generatedfiles\debug\moc_userview.cpp
d:\魏宽伟\课程课件\c++课程设计\电商客户端\x64\debug\电商客户端.ilk
d:\魏宽伟\课程课件\c++课程设计\电商客户端\x64\debug\电商客户端.exe
d:\魏宽伟\课程课件\c++课程设计\电商客户端\x64\debug\电商客户端.pdb
d:\魏宽伟\课程课件\c++课程设计\电商客户端\电商客户端\x64\debug\电商客户端.tlog\cl.command.1.tlog
d:\魏宽伟\课程课件\c++课程设计\电商客户端\电商客户端\x64\debug\电商客户端.tlog\cl.read.1.tlog
d:\魏宽伟\课程课件\c++课程设计\电商客户端\电商客户端\x64\debug\电商客户端.tlog\cl.write.1.tlog
d:\魏宽伟\课程课件\c++课程设计\电商客户端\电商客户端\x64\debug\电商客户端.tlog\custombuild.command.1.tlog
d:\魏宽伟\课程课件\c++课程设计\电商客户端\电商客户端\x64\debug\电商客户端.tlog\custombuild.read.1.tlog
d:\魏宽伟\课程课件\c++课程设计\电商客户端\电商客户端\x64\debug\电商客户端.tlog\custombuild.write.1.tlog
d:\魏宽伟\课程课件\c++课程设计\电商客户端\电商客户端\x64\debug\电商客户端.tlog\link.command.1.tlog
d:\魏宽伟\课程课件\c++课程设计\电商客户端\电商客户端\x64\debug\电商客户端.tlog\link.read.1.tlog
d:\魏宽伟\课程课件\c++课程设计\电商客户端\电商客户端\x64\debug\电商客户端.tlog\link.write.1.tlog
